<?xml version="1.0" encoding="UTF-8"?>
<!-- Generated by org.testng.reporters.JUnitXMLReporter -->
<testsuite hostname="NI-NTB-204" ignored="0" name="Surefire test" tests="5" failures="0" timestamp="16 Jan 2019 21:30:50 GMT" time="0.05" errors="0">
  <testcase name="APITest1 on APITest1(Jan16Aut.APITest)" time="0.006" classname="Jan16Aut.APITest"/>
  <testcase name="APITest2 on APITest2(Jan16Aut.APITest)" time="0.006" classname="Jan16Aut.APITest"/>
  <testcase name="AppiumTest1 on AppiumTest1(Jan16Aut.AppiumTest)" time="0.001" classname="Jan16Aut.AppiumTest"/>
  <testcase name="AppiumTest2 on AppiumTest2(Jan16Aut.AppiumTest)" time="0.002" classname="Jan16Aut.AppiumTest"/>
  <testcase name="shouldAnswerWithTrue on shouldAnswerWithTrue(Jan16Aut.AppTest)" time="0.001" classname="Jan16Aut.AppTest"/>
</testsuite> <!-- Surefire test -->
