<?xml version="1.0" encoding="UTF-8"?>
<!-- Generated by org.testng.reporters.JUnitXMLReporter -->
<testsuite hostname="NI-NTB-204" ignored="0" name="Surefire test" tests="4" failures="0" timestamp="16 Jan 2019 21:37:10 GMT" time="0.029" errors="0">
  <testcase name="APITest1" time="0.005" classname="Jan16Aut.APITest"/>
  <testcase name="APITest2" time="0.0" classname="Jan16Aut.APITest"/>
  <testcase name="AppiumTest1" time="0.0" classname="Jan16Aut.AppiumTest"/>
  <testcase name="AppiumTest2" time="0.0" classname="Jan16Aut.AppiumTest"/>
</testsuite> <!-- Surefire test -->
