<?xml version="1.0" encoding="UTF-8"?>
<testng-results skipped="0" failed="0" ignored="0" total="4" passed="4">
  <reporter-output>
  </reporter-output>
  <suite name="Surefire suite" duration-ms="29" started-at="2019-01-16T21:37:10Z" finished-at="2019-01-16T21:37:10Z">
    <groups>
    </groups>
    <test name="Surefire test" duration-ms="29" started-at="2019-01-16T21:37:10Z" finished-at="2019-01-16T21:37:10Z">
      <class name="Jan16Aut.APITest">
        <test-method status="PASS" signature="APITest1()[pri:0, instance:Jan16Aut.APITest@3cbbc1e0]" name="APITest1" duration-ms="5" started-at="2019-01-16T21:37:10Z" finished-at="2019-01-16T21:37:10Z">
          <reporter-output>
          </reporter-output>
        </test-method> <!-- APITest1 -->
        <test-method status="PASS" signature="APITest2()[pri:0, instance:Jan16Aut.APITest@3cbbc1e0]" name="APITest2" duration-ms="0" started-at="2019-01-16T21:37:10Z" finished-at="2019-01-16T21:37:10Z">
          <reporter-output>
          </reporter-output>
        </test-method> <!-- APITest2 -->
      </class> <!-- Jan16Aut.APITest -->
      <class name="Jan16Aut.AppiumTest">
        <test-method status="PASS" signature="AppiumTest1()[pri:0, instance:Jan16Aut.AppiumTest@35fb3008]" name="AppiumTest1" duration-ms="0" started-at="2019-01-16T21:37:10Z" finished-at="2019-01-16T21:37:10Z">
          <reporter-output>
          </reporter-output>
        </test-method> <!-- AppiumTest1 -->
        <test-method status="PASS" signature="AppiumTest2()[pri:0, instance:Jan16Aut.AppiumTest@35fb3008]" name="AppiumTest2" duration-ms="0" started-at="2019-01-16T21:37:10Z" finished-at="2019-01-16T21:37:10Z">
          <reporter-output>
          </reporter-output>
        </test-method> <!-- AppiumTest2 -->
      </class> <!-- Jan16Aut.AppiumTest -->
    </test> <!-- Surefire test -->
  </suite> <!-- Surefire suite -->
</testng-results>
