<?xml version="1.0" encoding="UTF-8"?>
<testng-results skipped="0" failed="0" ignored="0" total="5" passed="5">
  <reporter-output>
  </reporter-output>
  <suite name="Surefire suite" duration-ms="50" started-at="2019-01-16T21:30:50Z" finished-at="2019-01-16T21:30:50Z">
    <groups>
    </groups>
    <test name="Surefire test" duration-ms="50" started-at="2019-01-16T21:30:50Z" finished-at="2019-01-16T21:30:50Z">
      <class name="Jan16Aut.AppiumTest">
        <test-method status="PASS" signature="AppiumTest2()" name="AppiumTest2" duration-ms="2" started-at="2019-01-16T21:30:50Z" finished-at="2019-01-16T21:30:50Z">
          <reporter-output>
          </reporter-output>
        </test-method> <!-- AppiumTest2 -->
        <test-method status="PASS" signature="AppiumTest1()" name="AppiumTest1" duration-ms="1" started-at="2019-01-16T21:30:50Z" finished-at="2019-01-16T21:30:50Z">
          <reporter-output>
          </reporter-output>
        </test-method> <!-- AppiumTest1 -->
      </class> <!-- Jan16Aut.AppiumTest -->
      <class name="Jan16Aut.APITest">
        <test-method status="PASS" signature="APITest1()" name="APITest1" duration-ms="6" started-at="2019-01-16T21:30:50Z" finished-at="2019-01-16T21:30:50Z">
          <reporter-output>
          </reporter-output>
        </test-method> <!-- APITest1 -->
        <test-method status="PASS" signature="APITest2()" name="APITest2" duration-ms="6" started-at="2019-01-16T21:30:50Z" finished-at="2019-01-16T21:30:50Z">
          <reporter-output>
          </reporter-output>
        </test-method> <!-- APITest2 -->
      </class> <!-- Jan16Aut.APITest -->
      <class name="Jan16Aut.AppTest">
        <test-method status="PASS" signature="shouldAnswerWithTrue()" name="shouldAnswerWithTrue" duration-ms="1" started-at="2019-01-16T21:30:50Z" finished-at="2019-01-16T21:30:50Z">
          <reporter-output>
          </reporter-output>
        </test-method> <!-- shouldAnswerWithTrue -->
      </class> <!-- Jan16Aut.AppTest -->
    </test> <!-- Surefire test -->
  </suite> <!-- Surefire suite -->
</testng-results>
