<?xml version="1.0" encoding="UTF-8"?>
<testng-results skipped="0" failed="0" ignored="0" total="2" passed="2">
  <reporter-output>
  </reporter-output>
  <suite name="Default suite" duration-ms="43" started-at="2019-01-16T21:34:21Z" finished-at="2019-01-16T21:34:21Z">
    <groups>
    </groups>
    <test name="Default test" duration-ms="43" started-at="2019-01-16T21:34:21Z" finished-at="2019-01-16T21:34:21Z">
      <class name="Jan16Aut.Selenium">
        <test-method status="PASS" signature="Sel1()[pri:0, instance:Jan16Aut.Selenium@3e6fa38a]" name="Sel1" duration-ms="10" started-at="2019-01-16T21:34:21Z" finished-at="2019-01-16T21:34:21Z">
          <reporter-output>
          </reporter-output>
        </test-method> <!-- Sel1 -->
        <test-method status="PASS" signature="Sel2()[pri:0, instance:Jan16Aut.Selenium@3e6fa38a]" name="Sel2" duration-ms="2" started-at="2019-01-16T21:34:21Z" finished-at="2019-01-16T21:34:21Z">
          <reporter-output>
          </reporter-output>
        </test-method> <!-- Sel2 -->
      </class> <!-- Jan16Aut.Selenium -->
    </test> <!-- Default test -->
  </suite> <!-- Default suite -->
</testng-results>
